<?xml version="1.0" encoding="UTF-8"?>
<testsuite xmlns:xsi="http://www.w3.org/2001/XMLSchema-instance" xsi:noNamespaceSchemaLocation="https://maven.apache.org/surefire/maven-surefire-plugin/xsd/surefire-test-report-3.0.xsd" version="3.0" name="fr.test.numbers.NumberWorkerTest" time="0.016" tests="14" errors="0" skipped="0" failures="0">
  <properties>
    <property name="java.specification.version" value="20"/>
    <property name="sun.jnu.encoding" value="UTF-8"/>
    <property name="java.class.path" value="/nfs/homes/klaarous/Desktop/JAVA_MODULES/Module06/ex04/Tests/target/test-classes:/nfs/homes/klaarous/Desktop/JAVA_MODULES/Module06/ex04/Tests/target/classes:/nfs/homes/klaarous/.m2/repository/org/junit/jupiter/junit-jupiter-engine/5.7.2/junit-jupiter-engine-5.7.2.jar:/nfs/homes/klaarous/.m2/repository/org/apiguardian/apiguardian-api/1.1.0/apiguardian-api-1.1.0.jar:/nfs/homes/klaarous/.m2/repository/org/junit/platform/junit-platform-engine/1.7.2/junit-platform-engine-1.7.2.jar:/nfs/homes/klaarous/.m2/repository/org/opentest4j/opentest4j/1.2.0/opentest4j-1.2.0.jar:/nfs/homes/klaarous/.m2/repository/org/junit/platform/junit-platform-commons/1.7.2/junit-platform-commons-1.7.2.jar:/nfs/homes/klaarous/.m2/repository/org/junit/jupiter/junit-jupiter-api/5.7.2/junit-jupiter-api-5.7.2.jar:/nfs/homes/klaarous/.m2/repository/org/junit/jupiter/junit-jupiter-params/5.7.2/junit-jupiter-params-5.7.2.jar:/nfs/homes/klaarous/.m2/repository/org/apache/commons/commons-csv/1.8/commons-csv-1.8.jar:/nfs/homes/klaarous/.m2/repository/org/springframework/spring-jdbc/5.3.10/spring-jdbc-5.3.10.jar:/nfs/homes/klaarous/.m2/repository/org/springframework/spring-beans/5.3.10/spring-beans-5.3.10.jar:/nfs/homes/klaarous/.m2/repository/org/springframework/spring-core/5.3.10/spring-core-5.3.10.jar:/nfs/homes/klaarous/.m2/repository/org/springframework/spring-jcl/5.3.10/spring-jcl-5.3.10.jar:/nfs/homes/klaarous/.m2/repository/org/springframework/spring-tx/5.3.10/spring-tx-5.3.10.jar:/nfs/homes/klaarous/.m2/repository/org/hsqldb/hsqldb/2.6.0/hsqldb-2.6.0.jar:/nfs/homes/klaarous/.m2/repository/org/postgresql/postgresql/42.4.1/postgresql-42.4.1.jar:/nfs/homes/klaarous/.m2/repository/org/checkerframework/checker-qual/3.5.0/checker-qual-3.5.0.jar:/nfs/homes/klaarous/.m2/repository/com/zaxxer/HikariCP/5.0.1/HikariCP-5.0.1.jar:/nfs/homes/klaarous/.m2/repository/org/slf4j/slf4j-api/2.0.0-alpha1/slf4j-api-2.0.0-alpha1.jar:/nfs/homes/klaarous/.m2/repository/org/mockito/mockito-core/3.12.4/mockito-core-3.12.4.jar:/nfs/homes/klaarous/.m2/repository/net/bytebuddy/byte-buddy/1.11.13/byte-buddy-1.11.13.jar:/nfs/homes/klaarous/.m2/repository/net/bytebuddy/byte-buddy-agent/1.11.13/byte-buddy-agent-1.11.13.jar:/nfs/homes/klaarous/.m2/repository/org/objenesis/objenesis/3.2/objenesis-3.2.jar:"/>
    <property name="java.vm.vendor" value="Oracle Corporation"/>
    <property name="sun.arch.data.model" value="64"/>
    <property name="java.vendor.url" value="https://java.oracle.com/"/>
    <property name="os.name" value="Linux"/>
    <property name="java.vm.specification.version" value="20"/>
    <property name="sun.java.launcher" value="SUN_STANDARD"/>
    <property name="user.country" value="US"/>
    <property name="sun.boot.library.path" value="/nfs/homes/klaarous/.jdks/openjdk-20.0.2/lib"/>
    <property name="sun.java.command" value="/nfs/homes/klaarous/Desktop/JAVA_MODULES/Module06/ex04/Tests/target/surefire/surefirebooter12713840451565712758.jar /nfs/homes/klaarous/Desktop/JAVA_MODULES/Module06/ex04/Tests/target/surefire 2023-09-20T13-06-19_160-jvmRun1 surefire9140664349999884040tmp surefire_013390509189187048386tmp"/>
    <property name="jdk.debug" value="release"/>
    <property name="surefire.test.class.path" value="/nfs/homes/klaarous/Desktop/JAVA_MODULES/Module06/ex04/Tests/target/test-classes:/nfs/homes/klaarous/Desktop/JAVA_MODULES/Module06/ex04/Tests/target/classes:/nfs/homes/klaarous/.m2/repository/org/junit/jupiter/junit-jupiter-engine/5.7.2/junit-jupiter-engine-5.7.2.jar:/nfs/homes/klaarous/.m2/repository/org/apiguardian/apiguardian-api/1.1.0/apiguardian-api-1.1.0.jar:/nfs/homes/klaarous/.m2/repository/org/junit/platform/junit-platform-engine/1.7.2/junit-platform-engine-1.7.2.jar:/nfs/homes/klaarous/.m2/repository/org/opentest4j/opentest4j/1.2.0/opentest4j-1.2.0.jar:/nfs/homes/klaarous/.m2/repository/org/junit/platform/junit-platform-commons/1.7.2/junit-platform-commons-1.7.2.jar:/nfs/homes/klaarous/.m2/repository/org/junit/jupiter/junit-jupiter-api/5.7.2/junit-jupiter-api-5.7.2.jar:/nfs/homes/klaarous/.m2/repository/org/junit/jupiter/junit-jupiter-params/5.7.2/junit-jupiter-params-5.7.2.jar:/nfs/homes/klaarous/.m2/repository/org/apache/commons/commons-csv/1.8/commons-csv-1.8.jar:/nfs/homes/klaarous/.m2/repository/org/springframework/spring-jdbc/5.3.10/spring-jdbc-5.3.10.jar:/nfs/homes/klaarous/.m2/repository/org/springframework/spring-beans/5.3.10/spring-beans-5.3.10.jar:/nfs/homes/klaarous/.m2/repository/org/springframework/spring-core/5.3.10/spring-core-5.3.10.jar:/nfs/homes/klaarous/.m2/repository/org/springframework/spring-jcl/5.3.10/spring-jcl-5.3.10.jar:/nfs/homes/klaarous/.m2/repository/org/springframework/spring-tx/5.3.10/spring-tx-5.3.10.jar:/nfs/homes/klaarous/.m2/repository/org/hsqldb/hsqldb/2.6.0/hsqldb-2.6.0.jar:/nfs/homes/klaarous/.m2/repository/org/postgresql/postgresql/42.4.1/postgresql-42.4.1.jar:/nfs/homes/klaarous/.m2/repository/org/checkerframework/checker-qual/3.5.0/checker-qual-3.5.0.jar:/nfs/homes/klaarous/.m2/repository/com/zaxxer/HikariCP/5.0.1/HikariCP-5.0.1.jar:/nfs/homes/klaarous/.m2/repository/org/slf4j/slf4j-api/2.0.0-alpha1/slf4j-api-2.0.0-alpha1.jar:/nfs/homes/klaarous/.m2/repository/org/mockito/mockito-core/3.12.4/mockito-core-3.12.4.jar:/nfs/homes/klaarous/.m2/repository/net/bytebuddy/byte-buddy/1.11.13/byte-buddy-1.11.13.jar:/nfs/homes/klaarous/.m2/repository/net/bytebuddy/byte-buddy-agent/1.11.13/byte-buddy-agent-1.11.13.jar:/nfs/homes/klaarous/.m2/repository/org/objenesis/objenesis/3.2/objenesis-3.2.jar:"/>
    <property name="sun.cpu.endian" value="little"/>
    <property name="user.home" value="/nfs/homes/klaarous"/>
    <property name="user.language" value="en"/>
    <property name="java.specification.vendor" value="Oracle Corporation"/>
    <property name="java.version.date" value="2023-07-18"/>
    <property name="java.home" value="/nfs/homes/klaarous/.jdks/openjdk-20.0.2"/>
    <property name="file.separator" value="/"/>
    <property name="basedir" value="/nfs/homes/klaarous/Desktop/JAVA_MODULES/Module06/ex04/Tests"/>
    <property name="java.vm.compressedOopsMode" value="Zero based"/>
    <property name="line.separator" value="&#10;"/>
    <property name="java.specification.name" value="Java Platform API Specification"/>
    <property name="java.vm.specification.vendor" value="Oracle Corporation"/>
    <property name="surefire.real.class.path" value="/nfs/homes/klaarous/Desktop/JAVA_MODULES/Module06/ex04/Tests/target/surefire/surefirebooter12713840451565712758.jar"/>
    <property name="sun.management.compiler" value="HotSpot 64-Bit Tiered Compilers"/>
    <property name="java.runtime.version" value="20.0.2+9-78"/>
    <property name="user.name" value="klaarous"/>
    <property name="stdout.encoding" value="UTF-8"/>
    <property name="path.separator" value=":"/>
    <property name="os.version" value="5.15.0-83-generic"/>
    <property name="java.runtime.name" value="OpenJDK Runtime Environment"/>
    <property name="file.encoding" value="UTF-8"/>
    <property name="java.vm.name" value="OpenJDK 64-Bit Server VM"/>
    <property name="localRepository" value="/nfs/homes/klaarous/.m2/repository"/>
    <property name="java.vendor.url.bug" value="https://bugreport.java.com/bugreport/"/>
    <property name="java.io.tmpdir" value="/tmp"/>
    <property name="idea.version" value="2023.2.2"/>
    <property name="java.version" value="20.0.2"/>
    <property name="user.dir" value="/nfs/homes/klaarous/Desktop/JAVA_MODULES/Module06/ex04/Tests"/>
    <property name="os.arch" value="amd64"/>
    <property name="java.vm.specification.name" value="Java Virtual Machine Specification"/>
    <property name="native.encoding" value="UTF-8"/>
    <property name="java.library.path" value="/usr/java/packages/lib:/usr/lib64:/lib64:/lib:/usr/lib"/>
    <property name="java.vm.info" value="mixed mode, sharing"/>
    <property name="stderr.encoding" value="UTF-8"/>
    <property name="java.vendor" value="Oracle Corporation"/>
    <property name="java.vm.version" value="20.0.2+9-78"/>
    <property name="sun.io.unicode.encoding" value="UnicodeLittle"/>
    <property name="java.class.version" value="64.0"/>
  </properties>
  <testcase name="shouldReturnFalseForNotPrimes{int}[1]" classname="fr.test.numbers.NumberWorkerTest" time="0"/>
  <testcase name="shouldReturnFalseForNotPrimes{int}[2]" classname="fr.test.numbers.NumberWorkerTest" time="0"/>
  <testcase name="shouldReturnFalseForNotPrimes{int}[3]" classname="fr.test.numbers.NumberWorkerTest" time="0"/>
  <testcase name="shouldReturnTrueForPrimes{int}[1]" classname="fr.test.numbers.NumberWorkerTest" time="0"/>
  <testcase name="shouldReturnTrueForPrimes{int}[2]" classname="fr.test.numbers.NumberWorkerTest" time="0"/>
  <testcase name="shouldReturnTrueForPrimes{int}[3]" classname="fr.test.numbers.NumberWorkerTest" time="0"/>
  <testcase name="shouldReturnCorrectDigitsSum{int, int}[1]" classname="fr.test.numbers.NumberWorkerTest" time="0.001"/>
  <testcase name="shouldReturnCorrectDigitsSum{int, int}[2]" classname="fr.test.numbers.NumberWorkerTest" time="0"/>
  <testcase name="shouldReturnCorrectDigitsSum{int, int}[3]" classname="fr.test.numbers.NumberWorkerTest" time="0"/>
  <testcase name="shouldReturnCorrectDigitsSum{int, int}[4]" classname="fr.test.numbers.NumberWorkerTest" time="0.001"/>
  <testcase name="shouldReturnCorrectDigitsSum{int, int}[5]" classname="fr.test.numbers.NumberWorkerTest" time="0"/>
  <testcase name="shouldThrowIllegalArgumenExceptionForIncorrectNumbers{int}[1]" classname="fr.test.numbers.NumberWorkerTest" time="0.001"/>
  <testcase name="shouldThrowIllegalArgumenExceptionForIncorrectNumbers{int}[2]" classname="fr.test.numbers.NumberWorkerTest" time="0"/>
  <testcase name="shouldThrowIllegalArgumenExceptionForIncorrectNumbers{int}[3]" classname="fr.test.numbers.NumberWorkerTest" time="0"/>
</testsuite>